Build started 5/9/2021 7:35:05 AM.
     1>Project "C:\Users\pv\OneDrive\Desktop\GameDemoSDL\GameDemoSDL\GameDemoSDL.vcxproj" on node 2 (Build target(s)).
     1>ClCompile:
         C:\Program Files (x86)\Microsoft Visual Studio 11.0\VC\bin\CL.exe /c /ZI /nologo /W3 /WX- /sdl /Od /Oy- /D WIN32 /D _DEBUG /D _CONSOLE /D _UNICODE /D UNICODE /Gm /EHsc /RTC1 /MDd /GS /fp:precise /Zc:wchar_t /Zc:forScope /Yu"stdafx.h" /Fp"Debug\GameDemoSDL.pch" /Fo"Debug\\" /Fd"Debug\vc110.pdb" /Gd /TP /analyze- /errorReport:prompt main.cpp
         main.cpp
     1>c:\users\pv\onedrive\desktop\gamedemosdl\gamedemosdl\commonfunc.h(48): warning C4091: 'typedef ' : ignored on left of 'Input' when no variable is declared
     1>c:\users\pv\onedrive\desktop\gamedemosdl\gamedemosdl\commonfunc.h(60): warning C4091: 'typedef ' : ignored on left of 'Map' when no variable is declared
     1>c:\users\pv\onedrive\desktop\gamedemosdl\gamedemosdl\geometric.h(16): warning C4091: 'typedef ' : ignored on left of 'GeometricFormat' when no variable is declared
     1>c:\users\pv\onedrive\desktop\gamedemosdl\gamedemosdl\geometric.h(26): warning C4091: 'typedef ' : ignored on left of 'ColorData' when no variable is declared
     1>c:\users\pv\onedrive\desktop\gamedemosdl\gamedemosdl\main.cpp(32): warning C4566: character represented by universal-character-name '\u1EA7' cannot be represented in the current code page (1252)
     1>c:\users\pv\onedrive\desktop\gamedemosdl\gamedemosdl\main.cpp(32): warning C4566: character represented by universal-character-name '\u1EA5' cannot be represented in the current code page (1252)
     1>c:\users\pv\onedrive\desktop\gamedemosdl\gamedemosdl\main.cpp(117): warning C4244: 'argument' : conversion from 'int' to 'const float', possible loss of data
     1>c:\users\pv\onedrive\desktop\gamedemosdl\gamedemosdl\main.cpp(119): warning C4244: 'initializing' : conversion from 'float' to 'int', possible loss of data
     1>c:\users\pv\onedrive\desktop\gamedemosdl\gamedemosdl\main.cpp(120): warning C4244: 'initializing' : conversion from 'float' to 'int', possible loss of data
     1>c:\users\pv\onedrive\desktop\gamedemosdl\gamedemosdl\main.cpp(138): warning C4244: 'argument' : conversion from 'int' to 'const float', possible loss of data
     1>c:\users\pv\onedrive\desktop\gamedemosdl\gamedemosdl\main.cpp(205): warning C4244: 'argument' : conversion from 'double' to 'const int', possible loss of data
     1>c:\users\pv\onedrive\desktop\gamedemosdl\gamedemosdl\main.cpp(277): warning C4018: '<' : signed/unsigned mismatch
     1>c:\users\pv\onedrive\desktop\gamedemosdl\gamedemosdl\main.cpp(292): warning C4018: '<' : signed/unsigned mismatch
     1>c:\users\pv\onedrive\desktop\gamedemosdl\gamedemosdl\main.cpp(319): warning C4244: 'initializing' : conversion from 'double' to 'int', possible loss of data
     1>c:\users\pv\onedrive\desktop\gamedemosdl\gamedemosdl\main.cpp(320): warning C4244: 'initializing' : conversion from 'double' to 'int', possible loss of data
     1>c:\users\pv\onedrive\desktop\gamedemosdl\gamedemosdl\main.cpp(367): warning C4018: '<' : signed/unsigned mismatch
     1>c:\users\pv\onedrive\desktop\gamedemosdl\gamedemosdl\main.cpp(372): warning C4018: '<' : signed/unsigned mismatch
     1>c:\users\pv\onedrive\desktop\gamedemosdl\gamedemosdl\main.cpp(397): warning C4244: 'initializing' : conversion from 'double' to 'int', possible loss of data
     1>c:\users\pv\onedrive\desktop\gamedemosdl\gamedemosdl\main.cpp(398): warning C4244: 'initializing' : conversion from 'double' to 'int', possible loss of data
     1>c:\users\pv\onedrive\desktop\gamedemosdl\gamedemosdl\main.cpp(456): warning C4244: 'argument' : conversion from 'double' to 'int', possible loss of data
     1>c:\users\pv\onedrive\desktop\gamedemosdl\gamedemosdl\main.cpp(481): warning C4244: 'argument' : conversion from 'double' to 'int', possible loss of data
     1>c:\users\pv\onedrive\desktop\gamedemosdl\gamedemosdl\main.cpp(497): warning C4018: '<' : signed/unsigned mismatch
       Link:
         C:\Program Files (x86)\Microsoft Visual Studio 11.0\VC\bin\link.exe /ERRORREPORT:PROMPT /OUT:"C:\Users\pv\OneDrive\Desktop\GameDemoSDL\Debug\GameDemoSDL.exe" /INCREMENTAL /NOLOGO SDL2.lib SDL2main.lib SDL2_image.lib SDL2_mixer.lib SDL2_ttf.lib kernel32.lib user32.lib gdi32.lib winspool.lib comdlg32.lib advapi32.lib shell32.lib ole32.lib oleaut32.lib uuid.lib odbc32.lib odbccp32.lib /MANIFEST /MANIFESTUAC:"level='asInvoker' uiAccess='false'" /manifest:embed /DEBUG /PDB:"C:\Users\pv\OneDrive\Desktop\GameDemoSDL\Debug\GameDemoSDL.pdb" /SUBSYSTEM:CONSOLE /TLBID:1 /DYNAMICBASE /NXCOMPAT /IMPLIB:"C:\Users\pv\OneDrive\Desktop\GameDemoSDL\Debug\GameDemoSDL.lib" /MACHINE:X86 Debug\BaseObject.obj
         Debug\BulletObject.obj
         Debug\CommonFunc.obj
         Debug\ExplosionObject.obj
         Debug\game_map.obj
         Debug\Geometric.obj
         Debug\ImpTimer.obj
         Debug\main.obj
         Debug\MainObject.obj
         Debug\MenuGame.obj
         Debug\PlayerPower.obj
         Debug\stdafx.obj
         Debug\TextObject.obj
         Debug\ThreatsObject.obj
         GameDemoSDL.vcxproj -> C:\Users\pv\OneDrive\Desktop\GameDemoSDL\Debug\GameDemoSDL.exe
     1>Done Building Project "C:\Users\pv\OneDrive\Desktop\GameDemoSDL\GameDemoSDL\GameDemoSDL.vcxproj" (Build target(s)).

Build succeeded.

Time Elapsed 00:00:01.71
