C:\USERS\PV\ONEDRIVE\DESKTOP\GAMEDEMOSDL\GAMEDEMOSDL\DEBUG\GAMEDEMOSDL.PCH
C:\USERS\PV\ONEDRIVE\DESKTOP\GAMEDEMOSDL\GAMEDEMOSDL\DEBUG\STDAFX.OBJ
C:\USERS\PV\ONEDRIVE\DESKTOP\GAMEDEMOSDL\GAMEDEMOSDL\DEBUG\VC110.PDB
C:\USERS\PV\ONEDRIVE\DESKTOP\GAMEDEMOSDL\GAMEDEMOSDL\DEBUG\BASEOBJECT.OBJ
C:\USERS\PV\ONEDRIVE\DESKTOP\GAMEDEMOSDL\GAMEDEMOSDL\DEBUG\BULLETOBJECT.OBJ
C:\USERS\PV\ONEDRIVE\DESKTOP\GAMEDEMOSDL\GAMEDEMOSDL\DEBUG\COMMONFUNC.OBJ
C:\USERS\PV\ONEDRIVE\DESKTOP\GAMEDEMOSDL\GAMEDEMOSDL\DEBUG\GAME_MAP.OBJ
C:\USERS\PV\ONEDRIVE\DESKTOP\GAMEDEMOSDL\GAMEDEMOSDL\DEBUG\IMPTIMER.OBJ
C:\USERS\PV\ONEDRIVE\DESKTOP\GAMEDEMOSDL\GAMEDEMOSDL\DEBUG\MAINOBJECT.OBJ
C:\USERS\PV\ONEDRIVE\DESKTOP\GAMEDEMOSDL\GAMEDEMOSDL\DEBUG\THREATSOBJECT.OBJ
C:\USERS\PV\ONEDRIVE\DESKTOP\GAMEDEMOSDL\GAMEDEMOSDL\DEBUG\MAIN.OBJ
C:\USERS\PV\ONEDRIVE\DESKTOP\GAMEDEMOSDL\DEBUG\GAMEDEMOSDL.ILK
C:\USERS\PV\ONEDRIVE\DESKTOP\GAMEDEMOSDL\DEBUG\GAMEDEMOSDL.EXE
C:\USERS\PV\ONEDRIVE\DESKTOP\GAMEDEMOSDL\DEBUG\GAMEDEMOSDL.PDB
C:\Users\pv\OneDrive\Desktop\GameDemoSDL\GameDemoSDL\Debug\BaseObject.obj
C:\Users\pv\OneDrive\Desktop\GameDemoSDL\GameDemoSDL\Debug\BulletObject.obj
C:\Users\pv\OneDrive\Desktop\GameDemoSDL\GameDemoSDL\Debug\CommonFunc.obj
C:\Users\pv\OneDrive\Desktop\GameDemoSDL\GameDemoSDL\Debug\game_map.obj
C:\Users\pv\OneDrive\Desktop\GameDemoSDL\GameDemoSDL\Debug\ImpTimer.obj
C:\Users\pv\OneDrive\Desktop\GameDemoSDL\GameDemoSDL\Debug\main.obj
C:\Users\pv\OneDrive\Desktop\GameDemoSDL\GameDemoSDL\Debug\MainObject.obj
C:\Users\pv\OneDrive\Desktop\GameDemoSDL\GameDemoSDL\Debug\stdafx.obj
C:\Users\pv\OneDrive\Desktop\GameDemoSDL\GameDemoSDL\Debug\ThreatsObject.obj
C:\Users\pv\OneDrive\Desktop\GameDemoSDL\GameDemoSDL\Debug\cl.command.1.tlog
C:\Users\pv\OneDrive\Desktop\GameDemoSDL\GameDemoSDL\Debug\CL.read.1.tlog
C:\Users\pv\OneDrive\Desktop\GameDemoSDL\GameDemoSDL\Debug\CL.write.1.tlog
C:\Users\pv\OneDrive\Desktop\GameDemoSDL\GameDemoSDL\Debug\link-cvtres.read.1.tlog
C:\Users\pv\OneDrive\Desktop\GameDemoSDL\GameDemoSDL\Debug\link-cvtres.write.1.tlog
C:\Users\pv\OneDrive\Desktop\GameDemoSDL\GameDemoSDL\Debug\link-rc.read.1.tlog
C:\Users\pv\OneDrive\Desktop\GameDemoSDL\GameDemoSDL\Debug\link-rc.write.1.tlog
C:\Users\pv\OneDrive\Desktop\GameDemoSDL\GameDemoSDL\Debug\link.12500-cvtres.read.1.tlog
C:\Users\pv\OneDrive\Desktop\GameDemoSDL\GameDemoSDL\Debug\link.12500-cvtres.write.1.tlog
C:\Users\pv\OneDrive\Desktop\GameDemoSDL\GameDemoSDL\Debug\link.12500-rc.read.1.tlog
C:\Users\pv\OneDrive\Desktop\GameDemoSDL\GameDemoSDL\Debug\link.12500-rc.write.1.tlog
C:\Users\pv\OneDrive\Desktop\GameDemoSDL\GameDemoSDL\Debug\link.12500.read.1.tlog
C:\Users\pv\OneDrive\Desktop\GameDemoSDL\GameDemoSDL\Debug\link.12500.write.1.tlog
C:\Users\pv\OneDrive\Desktop\GameDemoSDL\GameDemoSDL\Debug\link.command.1.tlog
C:\Users\pv\OneDrive\Desktop\GameDemoSDL\GameDemoSDL\Debug\link.read.1.tlog
C:\Users\pv\OneDrive\Desktop\GameDemoSDL\GameDemoSDL\Debug\link.write.1.tlog
C:\Users\pv\OneDrive\Desktop\GameDemoSDL\GameDemoSDL\Debug\GameDemoSDL.pch
C:\Users\pv\OneDrive\Desktop\GameDemoSDL\GameDemoSDL\Debug\vc110.idb
C:\Users\pv\OneDrive\Desktop\GameDemoSDL\GameDemoSDL\Debug\vc110.pdb
C:\Users\pv\OneDrive\Desktop\GameDemoSDL\Debug\GameDemoSDL.pdb
C:\Users\pv\OneDrive\Desktop\GameDemoSDL\Debug\GameDemoSDL.exe
C:\Users\pv\OneDrive\Desktop\GameDemoSDL\Debug\GameDemoSDL.ilk
